<?xml version="1.0" encoding="UTF-8"?>
<testsuite name="opencart" tests="1" skipped="0" failures="0" errors="0" timestamp="2022-05-19T13:17:05" hostname="CHMEPPF1WYQYP" time="18.275">
  <properties/>
  <testcase name="Ver pedidos totales" classname="opencart" time="18.275"/>
  <system-out><![CDATA[Se visualiza Order History
Label order history
]]></system-out>
  <system-err><![CDATA[may 19, 2022 8:17:05 AM org.openqa.selenium.remote.DesiredCapabilities chrome
INFORMACIÓN: Using `new ChromeOptions()` is preferred to `DesiredCapabilities.chrome()`
Starting ChromeDriver 100.0.4896.60 (6a5d10861ce8de5fce22564658033b43cb7de047-refs/branch-heads/4896@{#875}) on port 19646
Only local connections are allowed.
Please see https://chromedriver.chromium.org/security-considerations for suggestions on keeping ChromeDriver safe.
ChromeDriver was started successfully.
[1652966231.269][WARNING]: This version of ChromeDriver has not been tested with Chrome version 101.
may 19, 2022 8:17:12 AM org.openqa.selenium.remote.ProtocolHandshake createSession
INFORMACIÓN: Detected dialect: W3C
[Test worker] INFO net.serenitybdd.core.Serenity - 
        __    _____ _____ ____ _____   ____   _    ____  ____  _____ ____  
  _     \ \  |_   _| ____/ ___|_   _| |  _ \ / \  / ___|/ ___|| ____|  _ \ 
 (_)_____| |   | | |  _| \___ \ | |   | |_) / _ \ \___ \\___ \|  _| | | | |
  _|_____| |   | | | |___ ___) || |   |  __/ ___ \ ___) |___) | |___| |_| |
 (_)     | |   |_| |_____|____/ |_|   |_| /_/   \_\____/|____/|_____|____/ 
        /_/                                                                

TEST PASSED: Ver pedidos totales
----------------------------------------------------------------------------
]]></system-err>
</testsuite>
